<?xml version="1.0" encoding="UTF-8"?>
<testng-results ignored="0" total="5" passed="4" failed="1" skipped="0">
  <reporter-output>
  </reporter-output>
  <suite started-at="2023-05-13T02:24:49 GMT-03:00" name="Surefire suite" finished-at="2023-05-13T02:24:57 GMT-03:00" duration-ms="7519">
    <groups>
    </groups>
    <test started-at="2023-05-13T02:24:49 GMT-03:00" name="Surefire test" finished-at="2023-05-13T02:24:57 GMT-03:00" duration-ms="7519">
      <class name="com.spotify.oauth2.tests.PlaylistsTest">
        <test-method signature="create_playlist()[pri:0, instance:com.spotify.oauth2.tests.PlaylistsTest@4912d525]" started-at="2023-05-13T02:24:49 GMT-03:00" name="create_playlist" description="creates a playlist" finished-at="2023-05-13T02:24:55 GMT-03:00" duration-ms="6031" status="PASS">
          <reporter-output>
          </reporter-output>
        </test-method> <!-- create_playlist -->
        <test-method signature="get_playlist()[pri:0, instance:com.spotify.oauth2.tests.PlaylistsTest@4912d525]" started-at="2023-05-13T02:24:55 GMT-03:00" name="get_playlist" finished-at="2023-05-13T02:24:56 GMT-03:00" duration-ms="338" status="FAIL">
          <exception class="java.lang.AssertionError">
            <message>
              <![CDATA[
Expected: "DescriÃ§Ã£o API 2"
     but: was "Descrição API 2"]]>
            </message>
            <full-stacktrace>
              <![CDATA[java.lang.AssertionError: 
Expected: "DescriÃ§Ã£o API 2"
     but: was "Descrição API 2"
at org.hamcrest.MatcherAssert.assertThat(MatcherAssert.java:18)
at org.hamcrest.MatcherAssert.assertThat(MatcherAssert.java:6)
at com.spotify.oauth2.tests.PlaylistsTest.assertPlaylistEqual(PlaylistsTest.java:105)
at com.spotify.oauth2.tests.PlaylistsTest.get_playlist(PlaylistsTest.java:52)
at java.base/jdk.internal.reflect.NativeMethodAccessorImpl.invoke0(Native Method)
at java.base/jdk.internal.reflect.NativeMethodAccessorImpl.invoke(NativeMethodAccessorImpl.java:64)
at java.base/jdk.internal.reflect.DelegatingMethodAccessorImpl.invoke(DelegatingMethodAccessorImpl.java:43)
at java.base/java.lang.reflect.Method.invoke(Method.java:564)
at org.testng.internal.invokers.MethodInvocationHelper.invokeMethod(MethodInvocationHelper.java:139)
at org.testng.internal.invokers.TestInvoker.invokeMethod(TestInvoker.java:677)
at org.testng.internal.invokers.TestInvoker.invokeTestMethod(TestInvoker.java:221)
at org.testng.internal.invokers.MethodRunner.runInSequence(MethodRunner.java:50)
at org.testng.internal.invokers.TestInvoker$MethodInvocationAgent.invoke(TestInvoker.java:969)
at org.testng.internal.invokers.TestInvoker.invokeTestMethods(TestInvoker.java:194)
at org.testng.internal.invokers.TestMethodWorker.invokeTestMethods(TestMethodWorker.java:148)
at org.testng.internal.invokers.TestMethodWorker.run(TestMethodWorker.java:128)
at java.base/java.util.ArrayList.forEach(ArrayList.java:1511)
at org.testng.TestRunner.privateRun(TestRunner.java:829)
at org.testng.TestRunner.run(TestRunner.java:602)
at org.testng.SuiteRunner.runTest(SuiteRunner.java:437)
at org.testng.SuiteRunner.runSequentially(SuiteRunner.java:431)
at org.testng.SuiteRunner.privateRun(SuiteRunner.java:391)
at org.testng.SuiteRunner.run(SuiteRunner.java:330)
at org.testng.SuiteRunnerWorker.runSuite(SuiteRunnerWorker.java:52)
at org.testng.SuiteRunnerWorker.run(SuiteRunnerWorker.java:95)
at org.testng.TestNG.runSuitesSequentially(TestNG.java:1256)
at org.testng.TestNG.runSuitesLocally(TestNG.java:1176)
at org.testng.TestNG.runSuites(TestNG.java:1099)
at org.testng.TestNG.run(TestNG.java:1067)
at org.apache.maven.surefire.testng.TestNGExecutor.run(TestNGExecutor.java:155)
at org.apache.maven.surefire.testng.TestNGDirectoryTestSuite.executeSingleClass(TestNGDirectoryTestSuite.java:102)
at org.apache.maven.surefire.testng.TestNGDirectoryTestSuite.execute(TestNGDirectoryTestSuite.java:91)
at org.apache.maven.surefire.testng.TestNGProvider.invoke(TestNGProvider.java:137)
at org.apache.maven.surefire.booter.ForkedBooter.runSuitesInProcess(ForkedBooter.java:385)
at org.apache.maven.surefire.booter.ForkedBooter.execute(ForkedBooter.java:162)
at org.apache.maven.surefire.booter.ForkedBooter.run(ForkedBooter.java:507)
at org.apache.maven.surefire.booter.ForkedBooter.main(ForkedBooter.java:495)
]]>
            </full-stacktrace>
          </exception> <!-- java.lang.AssertionError -->
          <reporter-output>
          </reporter-output>
        </test-method> <!-- get_playlist -->
        <test-method signature="should_not_be_able_create_playlist_with_expired_token()[pri:0, instance:com.spotify.oauth2.tests.PlaylistsTest@4912d525]" started-at="2023-05-13T02:24:56 GMT-03:00" name="should_not_be_able_create_playlist_with_expired_token" finished-at="2023-05-13T02:24:56 GMT-03:00" duration-ms="238" status="PASS">
          <reporter-output>
          </reporter-output>
        </test-method> <!-- should_not_be_able_create_playlist_with_expired_token -->
        <test-method signature="should_not_be_able_create_playlist_without_name()[pri:0, instance:com.spotify.oauth2.tests.PlaylistsTest@4912d525]" started-at="2023-05-13T02:24:56 GMT-03:00" name="should_not_be_able_create_playlist_without_name" finished-at="2023-05-13T02:24:56 GMT-03:00" duration-ms="313" status="PASS">
          <reporter-output>
          </reporter-output>
        </test-method> <!-- should_not_be_able_create_playlist_without_name -->
        <test-method signature="update_playlist()[pri:0, instance:com.spotify.oauth2.tests.PlaylistsTest@4912d525]" started-at="2023-05-13T02:24:56 GMT-03:00" name="update_playlist" finished-at="2023-05-13T02:24:57 GMT-03:00" duration-ms="367" status="PASS">
          <reporter-output>
          </reporter-output>
        </test-method> <!-- update_playlist -->
      </class> <!-- com.spotify.oauth2.tests.PlaylistsTest -->
    </test> <!-- Surefire test -->
  </suite> <!-- Surefire suite -->
</testng-results>
