<?xml version="1.0" encoding="UTF-8"?>
<!-- Generated by org.testng.reporters.JUnitReportReporter -->
<testsuite hostname="DESKTOP-1ECDSFV" failures="1" tests="5" name="com.spotify.oauth2.tests.PlaylistsTest" time="48.830" errors="0" timestamp="2023-05-14T13:31:34 GMT-03:00" skipped="0">
  <testcase classname="com.spotify.oauth2.tests.PlaylistsTest" name="create_playlist" time="10.255">
    <failure message="
Expected: &quot;Description-9909j900090Ag,ze99_&quot;
     but: was null" type="java.lang.AssertionError">
      <![CDATA[java.lang.AssertionError: 
Expected: "Description-9909j900090Ag,ze99_"
     but: was null
at org.hamcrest.MatcherAssert.assertThat(MatcherAssert.java:18)
at org.hamcrest.MatcherAssert.assertThat(MatcherAssert.java:6)
at com.spotify.oauth2.tests.PlaylistsTest.assertPlaylistEqual(PlaylistsTest.java:108)
at com.spotify.oauth2.tests.PlaylistsTest.create_playlist(PlaylistsTest.java:41)
at java.base/jdk.internal.reflect.NativeMethodAccessorImpl.invoke0(Native Method)
at java.base/jdk.internal.reflect.NativeMethodAccessorImpl.invoke(NativeMethodAccessorImpl.java:64)
at java.base/jdk.internal.reflect.DelegatingMethodAccessorImpl.invoke(DelegatingMethodAccessorImpl.java:43)
at java.base/java.lang.reflect.Method.invoke(Method.java:564)
at org.testng.internal.invokers.MethodInvocationHelper.invokeMethod(MethodInvocationHelper.java:139)
at org.testng.internal.invokers.TestInvoker.invokeMethod(TestInvoker.java:677)
at org.testng.internal.invokers.TestInvoker.invokeTestMethod(TestInvoker.java:221)
at org.testng.internal.invokers.MethodRunner.runInSequence(MethodRunner.java:50)
at org.testng.internal.invokers.TestInvoker$MethodInvocationAgent.invoke(TestInvoker.java:969)
at org.testng.internal.invokers.TestInvoker.invokeTestMethods(TestInvoker.java:194)
at org.testng.internal.invokers.TestMethodWorker.invokeTestMethods(TestMethodWorker.java:148)
at org.testng.internal.invokers.TestMethodWorker.run(TestMethodWorker.java:128)
at java.base/java.util.concurrent.ThreadPoolExecutor.runWorker(ThreadPoolExecutor.java:1130)
at java.base/java.util.concurrent.ThreadPoolExecutor$Worker.run(ThreadPoolExecutor.java:630)
at java.base/java.lang.Thread.run(Thread.java:832)
]]>
    </failure>
  </testcase> <!-- create_playlist -->
  <system-out/>
  <testcase classname="com.spotify.oauth2.tests.PlaylistsTest" name="update_playlist" time="10.212"/>
  <system-out/>
  <testcase classname="com.spotify.oauth2.tests.PlaylistsTest" name="get_playlist" time="10.135"/>
  <system-out/>
  <testcase classname="com.spotify.oauth2.tests.PlaylistsTest" name="should_not_be_able_create_playlist_with_expired_token" time="8.235"/>
  <system-out/>
  <testcase classname="com.spotify.oauth2.tests.PlaylistsTest" name="should_not_be_able_create_playlist_without_name" time="9.993"/>
  <system-out/>
</testsuite> <!-- com.spotify.oauth2.tests.PlaylistsTest -->
